<?xml version="1.0" encoding="UTF-8"?>
<testng-results ignored="0" total="3" passed="3" failed="0" skipped="0">
  <reporter-output>
  </reporter-output>
  <suite started-at="2026-05-08T23:50:10 IST" name="Suite" finished-at="2026-05-08T23:51:10 IST" duration-ms="60039">
    <groups>
    </groups>
    <test started-at="2026-05-08T23:50:10 IST" name="EdgeTest" finished-at="2026-05-08T23:50:28 IST" duration-ms="18433">
      <class name="testCases.TC001_AccountRegistrationTest">
        <test-method is-config="true" signature="setup(java.lang.String,java.lang.String)[pri:0, instance:testCases.TC001_AccountRegistrationTest@35e2d654]" started-at="2026-05-08T23:50:10 IST" name="setup" finished-at="2026-05-08T23:50:22 IST" duration-ms="11677" status="PASS">
          <params>
            <param index="0">
              <value>
                <![CDATA[window]]>
              </value>
            </param>
            <param index="1">
              <value>
                <![CDATA[edge]]>
              </value>
            </param>
          </params>
          <reporter-output>
          </reporter-output>
        </test-method> <!-- setup -->
        <test-method signature="verify_account_registration()[pri:0, instance:testCases.TC001_AccountRegistrationTest@35e2d654]" started-at="2026-05-08T23:50:22 IST" name="verify_account_registration" finished-at="2026-05-08T23:50:28 IST" duration-ms="6156" status="PASS">
          <reporter-output>
          </reporter-output>
        </test-method> <!-- verify_account_registration -->
        <test-method is-config="true" signature="tearDown()[pri:0, instance:testCases.TC001_AccountRegistrationTest@35e2d654]" started-at="2026-05-08T23:50:28 IST" name="tearDown" finished-at="2026-05-08T23:50:28 IST" duration-ms="411" status="PASS">
          <reporter-output>
          </reporter-output>
        </test-method> <!-- tearDown -->
      </class> <!-- testCases.TC001_AccountRegistrationTest -->
    </test> <!-- EdgeTest -->
    <test started-at="2026-05-08T23:50:10 IST" name="ChromeTest" finished-at="2026-05-08T23:50:28 IST" duration-ms="18403">
      <class name="testCases.TC001_AccountRegistrationTest">
        <test-method is-config="true" signature="setup(java.lang.String,java.lang.String)[pri:0, instance:testCases.TC001_AccountRegistrationTest@6b81ce95]" started-at="2026-05-08T23:50:10 IST" name="setup" finished-at="2026-05-08T23:50:23 IST" duration-ms="13281" status="PASS">
          <params>
            <param index="0">
              <value>
                <![CDATA[window]]>
              </value>
            </param>
            <param index="1">
              <value>
                <![CDATA[Chrome]]>
              </value>
            </param>
          </params>
          <reporter-output>
          </reporter-output>
        </test-method> <!-- setup -->
        <test-method signature="verify_account_registration()[pri:0, instance:testCases.TC001_AccountRegistrationTest@6b81ce95]" started-at="2026-05-08T23:50:23 IST" name="verify_account_registration" finished-at="2026-05-08T23:50:28 IST" duration-ms="4493" status="PASS">
          <reporter-output>
          </reporter-output>
        </test-method> <!-- verify_account_registration -->
        <test-method is-config="true" signature="tearDown()[pri:0, instance:testCases.TC001_AccountRegistrationTest@6b81ce95]" started-at="2026-05-08T23:50:28 IST" name="tearDown" finished-at="2026-05-08T23:50:28 IST" duration-ms="571" status="PASS">
          <reporter-output>
          </reporter-output>
        </test-method> <!-- tearDown -->
      </class> <!-- testCases.TC001_AccountRegistrationTest -->
    </test> <!-- ChromeTest -->
    <test started-at="2026-05-08T23:50:10 IST" name=" FirefoxTest" finished-at="2026-05-08T23:51:10 IST" duration-ms="60039">
      <class name="testCases.TC001_AccountRegistrationTest">
        <test-method is-config="true" signature="setup(java.lang.String,java.lang.String)[pri:0, instance:testCases.TC001_AccountRegistrationTest@5b8dfcc1]" started-at="2026-05-08T23:50:10 IST" name="setup" finished-at="2026-05-08T23:51:04 IST" duration-ms="53781" status="PASS">
          <params>
            <param index="0">
              <value>
                <![CDATA[window]]>
              </value>
            </param>
            <param index="1">
              <value>
                <![CDATA[FireFox]]>
              </value>
            </param>
          </params>
          <reporter-output>
          </reporter-output>
        </test-method> <!-- setup -->
        <test-method signature="verify_account_registration()[pri:0, instance:testCases.TC001_AccountRegistrationTest@5b8dfcc1]" started-at="2026-05-08T23:51:04 IST" name="verify_account_registration" finished-at="2026-05-08T23:51:08 IST" duration-ms="4596" status="PASS">
          <reporter-output>
          </reporter-output>
        </test-method> <!-- verify_account_registration -->
        <test-method is-config="true" signature="tearDown()[pri:0, instance:testCases.TC001_AccountRegistrationTest@5b8dfcc1]" started-at="2026-05-08T23:51:08 IST" name="tearDown" finished-at="2026-05-08T23:51:10 IST" duration-ms="1611" status="PASS">
          <reporter-output>
          </reporter-output>
        </test-method> <!-- tearDown -->
      </class> <!-- testCases.TC001_AccountRegistrationTest -->
    </test> <!--  FirefoxTest -->
  </suite> <!-- Suite -->
</testng-results>
