<?xml version="1.0" encoding="UTF-8"?>
<testsuite xmlns:xsi="http://www.w3.org/2001/XMLSchema-instance" xsi:noNamespaceSchemaLocation="https://maven.apache.org/surefire/maven-surefire-plugin/xsd/surefire-test-report-3.0.xsd" version="3.0" name="TestSuite" time="33.31" tests="3" errors="0" skipped="0" failures="1">
  <properties>
[...]
</properties>
  <testcase name="verify_account_registration" classname="testCases.TC001_AccountRegistrationTest" time="6.581">
    <system-out><![CDATA[18:37:02.313 [TestNG-tests-3] INFO  testCases.TC001_AccountRegistrationTest - here test case is starting---------------------------
18:37:07.422 [TestNG-tests-1] INFO  testCases.TC001_AccountRegistrationTest - here test case is starting---------------------------
18:37:07.810 [TestNG-tests-2] INFO  testCases.TC001_AccountRegistrationTest - here test case is starting---------------------------
18:37:10.320 [TestNG-tests-1] INFO  testCases.TC001_AccountRegistrationTest - Cliked on  Account registartion---------------------------
18:37:10.339 [TestNG-tests-1] INFO  testCases.TC001_AccountRegistrationTest - Providing customer details ----------------
18:37:10.354 [TestNG-tests-3] INFO  testCases.TC001_AccountRegistrationTest - Cliked on  Account registartion---------------------------
18:37:10.356 [TestNG-tests-3] INFO  testCases.TC001_AccountRegistrationTest - Providing customer details ----------------
18:37:10.792 [TestNG-tests-2] INFO  testCases.TC001_AccountRegistrationTest - Cliked on  Account registartion---------------------------
18:37:10.792 [TestNG-tests-2] INFO  testCases.TC001_AccountRegistrationTest - Providing customer details ----------------
18:37:11.746 [TestNG-tests-2] INFO  testCases.TC001_AccountRegistrationTest - cliked continue button____
18:37:12.206 [TestNG-tests-1] INFO  testCases.TC001_AccountRegistrationTest - cliked continue button____
18:37:13.996 [TestNG-tests-3] INFO  testCases.TC001_AccountRegistrationTest - cliked continue button____
18:37:14.368 [TestNG-tests-2] INFO  testCases.TC001_AccountRegistrationTest - here test case is completed ---------------------------
]]></system-out>
    <system-err><![CDATA[SLF4J(W): No SLF4J providers were found.
SLF4J(W): Defaulting to no-operation (NOP) logger implementation
SLF4J(W): See https://www.slf4j.org/codes.html#noProviders for further details.
SLF4J(W): Class path contains SLF4J bindings targeting slf4j-api versions 1.7.x or earlier.
SLF4J(W): Ignoring binding found at [jar:file:/C:/Users/Admin/.m2/repository/org/apache/logging/log4j/log4j-slf4j-impl/2.25.4/log4j-slf4j-impl-2.25.4.jar!/org/slf4j/impl/StaticLoggerBinder.class]
SLF4J(W): See https://www.slf4j.org/codes.html#ignoredBindings for an explanation.
]]></system-err>
  </testcase>
  <testcase name="verify_account_registration" classname="testCases.TC001_AccountRegistrationTest" time="6.691">
    <system-out><![CDATA[18:37:14.504 [TestNG-tests-1] INFO  testCases.TC001_AccountRegistrationTest - here test case is completed ---------------------------
]]></system-out>
  </testcase>
  <testcase name="verify_account_registration" classname="testCases.TC001_AccountRegistrationTest" time="15.981">
    <failure message="expected [Your Account Has Been Created!] but found [invalid session id: session deleted as the browser has closed the connection&#10;from disconnected: unable to send message to renderer&#10;  (Session info: MicrosoftEdge=147.0.3912.98)&#10;Build info: version: &apos;4.43.0&apos;, revision: &apos;dd0f534&apos;&#10;System info: os.name: &apos;Windows 10&apos;, os.arch: &apos;amd64&apos;, os.version: &apos;10.0&apos;, java.version: &apos;21.0.9&apos;&#10;Driver info: org.openqa.selenium.edge.EdgeDriver&#10;Command: [002b4ede86f12aff71fb1bff629f51b4, findElement {using=xpath, value=//h1[contains(text(),&apos;Has Been Created&apos;)]}]&#10;Capabilities {acceptInsecureCerts: false, browserName: MicrosoftEdge, browserVersion: 147.0.3912.98, fedcm:accounts: true, goog:processID: 20408, ms:edgeOptions: {debuggerAddress: localhost:55028}, msedge: {msedgedriverVersion: 147.0.3912.98 (6cae4df1a4ff..., userDataDir: C:\Users\Admin\AppData\Loca...}, networkConnectionEnabled: false, pageLoadStrategy: normal, platformName: windows, proxy: Proxy(), se:cdp: ws://localhost:55028/devtoo..., se:cdpVersion: 147.0.3912.98, setWindowRect: true, strictFileInteractability: false, timeouts: {implicit: 0, pageLoad: 300000, script: 30000}, unhandledPromptBehavior: dismiss and notify, webauthn:extension:credBlob: true, webauthn:extension:largeBlob: true, webauthn:extension:minPinLength: true, webauthn:extension:prf: true, webauthn:virtualAuthenticators: true}&#10;Session ID: 002b4ede86f12aff71fb1bff629f51b4]" type="java.lang.AssertionError"><![CDATA[java.lang.AssertionError: 
expected [Your Account Has Been Created!] but found [invalid session id: session deleted as the browser has closed the connection
from disconnected: unable to send message to renderer
  (Session info: MicrosoftEdge=147.0.3912.98)
Build info: version: '4.43.0', revision: 'dd0f534'
System info: os.name: 'Windows 10', os.arch: 'amd64', os.version: '10.0', java.version: '21.0.9'
Driver info: org.openqa.selenium.edge.EdgeDriver
Command: [002b4ede86f12aff71fb1bff629f51b4, findElement {using=xpath, value=//h1[contains(text(),'Has Been Created')]}]
Capabilities {acceptInsecureCerts: false, browserName: MicrosoftEdge, browserVersion: 147.0.3912.98, fedcm:accounts: true, goog:processID: 20408, ms:edgeOptions: {debuggerAddress: localhost:55028}, msedge: {msedgedriverVersion: 147.0.3912.98 (6cae4df1a4ff..., userDataDir: C:\Users\Admin\AppData\Loca...}, networkConnectionEnabled: false, pageLoadStrategy: normal, platformName: windows, proxy: Proxy(), se:cdp: ws://localhost:55028/devtoo..., se:cdpVersion: 147.0.3912.98, setWindowRect: true, strictFileInteractability: false, timeouts: {implicit: 0, pageLoad: 300000, script: 30000}, unhandledPromptBehavior: dismiss and notify, webauthn:extension:credBlob: true, webauthn:extension:largeBlob: true, webauthn:extension:minPinLength: true, webauthn:extension:prf: true, webauthn:virtualAuthenticators: true}
Session ID: 002b4ede86f12aff71fb1bff629f51b4]
	at org.testng.Assert.fail(Assert.java:111)
	at org.testng.Assert.failNotEquals(Assert.java:1590)
	at org.testng.Assert.assertEqualsImpl(Assert.java:150)
	at org.testng.Assert.assertEquals(Assert.java:132)
	at org.testng.Assert.assertEquals(Assert.java:656)
	at org.testng.Assert.assertEquals(Assert.java:666)
	at testCases.TC001_AccountRegistrationTest.verify_account_registration(TC001_AccountRegistrationTest.java:33)
	at java.base/jdk.internal.reflect.DirectMethodHandleAccessor.invoke(DirectMethodHandleAccessor.java:103)
	at java.base/java.lang.reflect.Method.invoke(Method.java:580)
	at org.testng.internal.invokers.MethodInvocationHelper.invokeMethod(MethodInvocationHelper.java:141)
	at org.testng.internal.invokers.TestInvoker.invokeMethod(TestInvoker.java:697)
	at org.testng.internal.invokers.TestInvoker.invokeTestMethod(TestInvoker.java:230)
	at org.testng.internal.invokers.MethodRunner.runInSequence(MethodRunner.java:63)
	at org.testng.internal.invokers.TestInvoker$MethodInvocationAgent.invoke(TestInvoker.java:1005)
	at org.testng.internal.invokers.TestInvoker.invokeTestMethods(TestInvoker.java:203)
	at org.testng.internal.invokers.TestMethodWorker.invokeTestMethods(TestMethodWorker.java:154)
	at org.testng.internal.invokers.TestMethodWorker.run(TestMethodWorker.java:134)
	at java.base/java.util.ArrayList.forEach(ArrayList.java:1596)
	at org.testng.TestRunner.privateRun(TestRunner.java:744)
	at org.testng.TestRunner.run(TestRunner.java:616)
	at org.testng.SuiteRunner.runTest(SuiteRunner.java:421)
	at org.testng.SuiteRunner$SuiteWorker.run(SuiteRunner.java:463)
	at org.testng.internal.thread.ThreadUtil.lambda$execute$0(ThreadUtil.java:64)
	at java.base/java.util.concurrent.FutureTask.run(FutureTask.java:317)
	at java.base/java.util.concurrent.ThreadPoolExecutor.runWorker(ThreadPoolExecutor.java:1144)
	at java.base/java.util.concurrent.ThreadPoolExecutor$Worker.run(ThreadPoolExecutor.java:642)
	at java.base/java.lang.Thread.run(Thread.java:1583)
]]></failure>
  </testcase>
</testsuite>