<?xml version="1.0" encoding="UTF-8"?>
<testsuite xmlns:xsi="http://www.w3.org/2001/XMLSchema-instance" xsi:noNamespaceSchemaLocation="https://maven.apache.org/surefire/maven-surefire-plugin/xsd/surefire-test-report-3.0.xsd" version="3.0" name="TestSuite" time="60.877" tests="3" errors="0" skipped="0" failures="0">
  <properties>
[...]
</properties>
  <testcase name="verify_account_registration" classname="testCases.TC001_AccountRegistrationTest" time="4.499">
    <system-out><![CDATA[23:50:22.579 [TestNG-tests-3] INFO  testCases.TC001_AccountRegistrationTest - here test case is starting---------------------------
23:50:23.836 [TestNG-tests-1] INFO  testCases.TC001_AccountRegistrationTest - here test case is starting---------------------------
23:50:23.849 [TestNG-tests-3] INFO  testCases.TC001_AccountRegistrationTest - Cliked on  Account registartion---------------------------
23:50:23.858 [TestNG-tests-3] INFO  testCases.TC001_AccountRegistrationTest - Providing customer details ----------------
23:50:25.002 [TestNG-tests-1] INFO  testCases.TC001_AccountRegistrationTest - Cliked on  Account registartion---------------------------
23:50:25.004 [TestNG-tests-1] INFO  testCases.TC001_AccountRegistrationTest - Providing customer details ----------------
23:50:25.725 [TestNG-tests-3] INFO  testCases.TC001_AccountRegistrationTest - cliked continue button____
23:50:26.119 [TestNG-tests-1] INFO  testCases.TC001_AccountRegistrationTest - cliked continue button____
23:50:28.327 [TestNG-tests-1] INFO  testCases.TC001_AccountRegistrationTest - here test case is completed ---------------------------
]]></system-out>
    <system-err><![CDATA[SLF4J(W): No SLF4J providers were found.
SLF4J(W): Defaulting to no-operation (NOP) logger implementation
SLF4J(W): See https://www.slf4j.org/codes.html#noProviders for further details.
SLF4J(W): Class path contains SLF4J bindings targeting slf4j-api versions 1.7.x or earlier.
SLF4J(W): Ignoring binding found at [jar:file:/C:/Users/Admin/.m2/repository/org/apache/logging/log4j/log4j-slf4j-impl/2.25.4/log4j-slf4j-impl-2.25.4.jar!/org/slf4j/impl/StaticLoggerBinder.class]
SLF4J(W): See https://www.slf4j.org/codes.html#ignoredBindings for an explanation.
]]></system-err>
  </testcase>
  <testcase name="verify_account_registration" classname="testCases.TC001_AccountRegistrationTest" time="4.692">
    <system-out><![CDATA[23:50:28.520 [TestNG-tests-3] INFO  testCases.TC001_AccountRegistrationTest - here test case is completed ---------------------------
]]></system-out>
  </testcase>
  <testcase name="verify_account_registration" classname="testCases.TC001_AccountRegistrationTest" time="4.589">
    <system-out><![CDATA[23:51:04.334 [TestNG-tests-2] INFO  testCases.TC001_AccountRegistrationTest - here test case is starting---------------------------
23:51:05.953 [TestNG-tests-2] INFO  testCases.TC001_AccountRegistrationTest - Cliked on  Account registartion---------------------------
23:51:05.956 [TestNG-tests-2] INFO  testCases.TC001_AccountRegistrationTest - Providing customer details ----------------
23:51:06.772 [TestNG-tests-2] INFO  testCases.TC001_AccountRegistrationTest - cliked continue button____
23:51:08.929 [TestNG-tests-2] INFO  testCases.TC001_AccountRegistrationTest - here test case is completed ---------------------------
]]></system-out>
  </testcase>
</testsuite>