<?xml version="1.0" encoding="UTF-8"?>
<testng-results ignored="0" total="3" passed="3" failed="0" skipped="0">
  <reporter-output>
  </reporter-output>
  <suite started-at="2026-05-01T15:42:13 IST" name="Suite" finished-at="2026-05-01T15:42:34 IST" duration-ms="20364">
    <groups>
    </groups>
    <test started-at="2026-05-01T15:42:13 IST" name="EdgeTest" finished-at="2026-05-01T15:42:33 IST" duration-ms="19368">
      <class name="testCases.TC001_AccountRegistrationTest">
        <test-method is-config="true" signature="setup(java.lang.String,java.lang.String)[pri:0, instance:testCases.TC001_AccountRegistrationTest@279fedbd]" started-at="2026-05-01T15:42:13 IST" name="setup" finished-at="2026-05-01T15:42:21 IST" duration-ms="7937" status="PASS">
          <params>
            <param index="0">
              <value>
                <![CDATA[window]]>
              </value>
            </param>
            <param index="1">
              <value>
                <![CDATA[edge]]>
              </value>
            </param>
          </params>
          <reporter-output>
          </reporter-output>
        </test-method> <!-- setup -->
        <test-method signature="verify_account_registration()[pri:0, instance:testCases.TC001_AccountRegistrationTest@279fedbd]" started-at="2026-05-01T15:42:22 IST" name="verify_account_registration" finished-at="2026-05-01T15:42:31 IST" duration-ms="9885" status="PASS">
          <reporter-output>
          </reporter-output>
        </test-method> <!-- verify_account_registration -->
        <test-method is-config="true" signature="tearDown()[pri:0, instance:testCases.TC001_AccountRegistrationTest@279fedbd]" started-at="2026-05-01T15:42:31 IST" name="tearDown" finished-at="2026-05-01T15:42:33 IST" duration-ms="1231" status="PASS">
          <reporter-output>
          </reporter-output>
        </test-method> <!-- tearDown -->
      </class> <!-- testCases.TC001_AccountRegistrationTest -->
    </test> <!-- EdgeTest -->
    <test started-at="2026-05-01T15:42:13 IST" name="ChromeTest" finished-at="2026-05-01T15:42:33 IST" duration-ms="19276">
      <class name="testCases.TC001_AccountRegistrationTest">
        <test-method is-config="true" signature="setup(java.lang.String,java.lang.String)[pri:0, instance:testCases.TC001_AccountRegistrationTest@5542c4ed]" started-at="2026-05-01T15:42:13 IST" name="setup" finished-at="2026-05-01T15:42:22 IST" duration-ms="8326" status="PASS">
          <params>
            <param index="0">
              <value>
                <![CDATA[window]]>
              </value>
            </param>
            <param index="1">
              <value>
                <![CDATA[Chrome]]>
              </value>
            </param>
          </params>
          <reporter-output>
          </reporter-output>
        </test-method> <!-- setup -->
        <test-method signature="verify_account_registration()[pri:0, instance:testCases.TC001_AccountRegistrationTest@5542c4ed]" started-at="2026-05-01T15:42:22 IST" name="verify_account_registration" finished-at="2026-05-01T15:42:32 IST" duration-ms="10190" status="PASS">
          <reporter-output>
          </reporter-output>
        </test-method> <!-- verify_account_registration -->
        <test-method is-config="true" signature="tearDown()[pri:0, instance:testCases.TC001_AccountRegistrationTest@5542c4ed]" started-at="2026-05-01T15:42:32 IST" name="tearDown" finished-at="2026-05-01T15:42:33 IST" duration-ms="707" status="PASS">
          <reporter-output>
          </reporter-output>
        </test-method> <!-- tearDown -->
      </class> <!-- testCases.TC001_AccountRegistrationTest -->
    </test> <!-- ChromeTest -->
    <test started-at="2026-05-01T15:42:13 IST" name=" FirefoxTest" finished-at="2026-05-01T15:42:34 IST" duration-ms="20364">
      <class name="testCases.TC001_AccountRegistrationTest">
        <test-method is-config="true" signature="setup(java.lang.String,java.lang.String)[pri:0, instance:testCases.TC001_AccountRegistrationTest@3a52dba3]" started-at="2026-05-01T15:42:13 IST" name="setup" finished-at="2026-05-01T15:42:28 IST" duration-ms="14398" status="PASS">
          <params>
            <param index="0">
              <value>
                <![CDATA[window]]>
              </value>
            </param>
            <param index="1">
              <value>
                <![CDATA[FireFox]]>
              </value>
            </param>
          </params>
          <reporter-output>
          </reporter-output>
        </test-method> <!-- setup -->
        <test-method signature="verify_account_registration()[pri:0, instance:testCases.TC001_AccountRegistrationTest@3a52dba3]" started-at="2026-05-01T15:42:28 IST" name="verify_account_registration" finished-at="2026-05-01T15:42:32 IST" duration-ms="4503" status="PASS">
          <reporter-output>
          </reporter-output>
        </test-method> <!-- verify_account_registration -->
        <test-method is-config="true" signature="tearDown()[pri:0, instance:testCases.TC001_AccountRegistrationTest@3a52dba3]" started-at="2026-05-01T15:42:32 IST" name="tearDown" finished-at="2026-05-01T15:42:34 IST" duration-ms="1409" status="PASS">
          <reporter-output>
          </reporter-output>
        </test-method> <!-- tearDown -->
      </class> <!-- testCases.TC001_AccountRegistrationTest -->
    </test> <!--  FirefoxTest -->
  </suite> <!-- Suite -->
</testng-results>
