<?xml version="1.0" encoding="UTF-8"?>
<!-- Generated by org.testng.reporters.JUnitReportReporter -->
<testsuite hostname="DESKTOP-HMTE8QF" failures="0" tests="3" name="testCases.TC001_AccountRegistrationTest" time="24.578" errors="0" timestamp="2026-05-01T15:42:34 IST" skipped="0">
  <testcase classname="testCases.TC001_AccountRegistrationTest" name="verify_account_registration" time="10.190"/>
  <testcase classname="testCases.TC001_AccountRegistrationTest" name="verify_account_registration" time="9.885"/>
  <testcase classname="testCases.TC001_AccountRegistrationTest" name="verify_account_registration" time="4.503"/>
</testsuite> <!-- testCases.TC001_AccountRegistrationTest -->
