<?xml version="1.0" encoding="UTF-8"?>
<!-- Generated by org.testng.reporters.JUnitReportReporter -->
<testsuite hostname="DESKTOP-HMTE8QF" failures="0" tests="3" name="testCases.TC001_AccountRegistrationTest" time="15.245" errors="0" timestamp="2026-05-08T23:51:10 IST" skipped="0">
  <testcase classname="testCases.TC001_AccountRegistrationTest" name="verify_account_registration" time="4.493"/>
  <testcase classname="testCases.TC001_AccountRegistrationTest" name="verify_account_registration" time="4.596"/>
  <testcase classname="testCases.TC001_AccountRegistrationTest" name="verify_account_registration" time="6.156"/>
</testsuite> <!-- testCases.TC001_AccountRegistrationTest -->
